* using log directory ‘/Users/jz3138/Documents/SBMtrees/SBMTrees.Rcheck’
* using R version 4.4.1 (2024-06-14)
* using platform: aarch64-apple-darwin20
* R was compiled by
    Apple clang version 14.0.0 (clang-1400.0.29.202)
    GNU Fortran (GCC) 12.2.0
* running under: macOS Sonoma 14.1.1
* using session charset: UTF-8
* using option ‘--as-cran’
* checking for file ‘SBMTrees/DESCRIPTION’ ... OK
* checking extension type ... Package
* this is package ‘SBMTrees’ version ‘1.1’
* package encoding: UTF-8
* checking CRAN incoming feasibility ... [3s/11s] NOTE
Maintainer: ‘Jungang Zou <jungang.zou@gmail.com>’

New submission

The Title field should be in title case. Current version is:
‘Sequential Imputation with Bayesian Trees Mixed-Effects models for Longitudinal Data’
In title case that is:
‘Sequential Imputation with Bayesian Trees Mixed-Effects Models for Longitudinal Data’

Found the following \keyword or \concept entries
which likely give several index terms:
  File ‘SBMTrees-package.Rd’:
    \keyword{SBMTrees, longitudinal missing data, Baye [TRUNCATED]
* checking package namespace information ... OK
* checking package dependencies ... OK
* checking if this is a source package ... OK
* checking if there is a namespace ... OK
* checking for executable files ... OK
* checking for hidden files and directories ... OK
* checking for portable file names ... OK
* checking for sufficient/correct file permissions ... OK
* checking whether package ‘SBMTrees’ can be installed ... [21s/21s] OK
* used C++ compiler: ‘g++-12 (Homebrew GCC 12.3.0) 12.3.0’
* used SDK: ‘MacOSX14.4.sdk’
* checking installed package size ... OK
* checking package directory ... OK
* checking for future file timestamps ... OK
* checking ‘build’ directory ... OK
* checking DESCRIPTION meta-information ... OK
* checking top-level files ... NOTE
Files ‘README.md’ or ‘NEWS.md’ cannot be checked without ‘pandoc’ being installed.
* checking for left-over files ... OK
* checking index information ... OK
* checking package subdirectories ... OK
* checking code files for non-ASCII characters ... OK
* checking R files for syntax errors ... OK
* checking whether the package can be loaded ... OK
* checking whether the package can be loaded with stated dependencies ... OK
* checking whether the package can be unloaded cleanly ... OK
* checking whether the namespace can be loaded with stated dependencies ... OK
* checking whether the namespace can be unloaded cleanly ... OK
* checking loading without being on the library search path ... OK
* checking use of S3 registration ... OK
* checking dependencies in R code ... OK
* checking S3 generic/method consistency ... OK
* checking replacement functions ... OK
* checking foreign function calls ... OK
* checking R code for possible problems ... OK
* checking Rd files ... OK
* checking Rd metadata ... OK
* checking Rd line widths ... OK
* checking Rd cross-references ... OK
* checking for missing documentation entries ... OK
* checking for code/documentation mismatches ... OK
* checking Rd \usage sections ... OK
* checking Rd contents ... OK
* checking for unstated dependencies in examples ... OK
* checking line endings in C/C++/Fortran sources/headers ... OK
* checking line endings in Makefiles ... OK
* checking compilation flags in Makevars ... OK
* checking for GNU extensions in Makefiles ... OK
* checking for portable use of $(BLAS_LIBS) and $(LAPACK_LIBS) ... OK
* checking use of PKG_*FLAGS in Makefiles ... OK
* checking use of SHLIB_OPENMP_*FLAGS in Makefiles ... OK
* checking pragmas in C/C++ headers and code ... OK
* checking compilation flags used ... NOTE
Compilation used the following non-portable flag(s):
  ‘-march=armv8-a’
* checking compiled code ... OK
* checking installed files from ‘inst/doc’ ... OK
* checking files in ‘vignettes’ ... OK
* checking examples ... OK
* checking for unstated dependencies in vignettes ... OK
* checking package vignettes ... OK
* checking re-building of vignette outputs ... [268s/269s] ERROR
Error(s) in re-building vignettes:
  ...
--- re-building ‘SBMTrees_Introduction.Rmd’ using rmarkdown
0%   10   20   30   40   50   60   70   80   90   100%
[----|----|----|----|----|----|----|----|----|----|
**************************************************|
0%   10   20   30   40   50   60   70   80   90   100%
[----|----|----|----|----|----|----|----|----|----|
**************************************************|
**************************************************|
0%   10   20   30   40   50   60   70   80   90   100%
[----|----|----|----|----|----|----|----|----|----|
*

Quitting from lines 133-149 [imputation] (SBMTrees_Introduction.Rmd)
Execution halted

* checking PDF version of manual ... OK
* checking HTML version of manual ... NOTE
Found the following HTML validation problems:
BMTrees_prediction.html:15:44 (BMTrees_prediction.Rd:5): Error: <main> is not recognized!
BMTrees_prediction.html:15:44 (BMTrees_prediction.Rd:5): Warning: discarding unexpected <main>
BMTrees_prediction.html:203:1 (BMTrees_prediction.Rd:108): Warning: discarding unexpected </main>
BMTrees_prediction.html:4:1 (BMTrees_prediction.Rd:5): Warning: <link> inserting "type" attribute
BMTrees_prediction.html:12:1 (BMTrees_prediction.Rd:5): Warning: <script> proprietary attribute "onload"
BMTrees_prediction.html:12:1 (BMTrees_prediction.Rd:5): Warning: <script> inserting "type" attribute
BMTrees_prediction.html:17:1 (BMTrees_prediction.Rd:5): Warning: <table> lacks "summary" attribute
BMTrees_prediction.html:56:1 (BMTrees_prediction.Rd:29): Warning: <table> lacks "summary" attribute
SBMTrees-package.html:15:44 (SBMTrees-package.Rd:5): Error: <main> is not recognized!
SBMTrees-package.html:15:44 (SBMTrees-package.Rd:5): Warning: discarding unexpected <main>
SBMTrees-package.html:111:1 (SBMTrees-package.Rd:74): Warning: discarding unexpected </main>
SBMTrees-package.html:4:1 (SBMTrees-package.Rd:5): Warning: <link> inserting "type" attribute
SBMTrees-package.html:12:1 (SBMTrees-package.Rd:5): Warning: <script> proprietary attribute "onload"
SBMTrees-package.html:12:1 (SBMTrees-package.Rd:5): Warning: <script> inserting "type" attribute
SBMTrees-package.html:17:1 (SBMTrees-package.Rd:5): Warning: <table> lacks "summary" attribute
apply_locf_nocb.html:15:44 (apply_locf_nocb.Rd:5): Error: <main> is not recognized!
apply_locf_nocb.html:15:44 (apply_locf_nocb.Rd:5): Warning: discarding unexpected <main>
apply_locf_nocb.html:62:1 (apply_locf_nocb.Rd:25): Warning: discarding unexpected </main>
apply_locf_nocb.html:4:1 (apply_locf_nocb.Rd:5): Warning: <link> inserting "type" attribute
apply_locf_nocb.html:12:1 (apply_locf_nocb.Rd:5): Warning: <script> proprietary attribute "onload"
apply_locf_nocb.html:12:1 (apply_locf_nocb.Rd:5): Warning: <script> inserting "type" attribute
apply_locf_nocb.html:17:1 (apply_locf_nocb.Rd:5): Warning: <table> lacks "summary" attribute
apply_locf_nocb.html:36:1 (apply_locf_nocb.Rd:10): Warning: <table> lacks "summary" attribute
sequential_imputation.html:15:44 (sequential_imputation.Rd:5): Error: <main> is not recognized!
sequential_imputation.html:15:44 (sequential_imputation.Rd:5): Warning: discarding unexpected <main>
sequential_imputation.html:183:1 (sequential_imputation.Rd:97): Warning: discarding unexpected </main>
sequential_imputation.html:4:1 (sequential_imputation.Rd:5): Warning: <link> inserting "type" attribute
sequential_imputation.html:12:1 (sequential_imputation.Rd:5): Warning: <script> proprietary attribute "onload"
sequential_imputation.html:12:1 (sequential_imputation.Rd:5): Warning: <script> inserting "type" attribute
sequential_imputation.html:17:1 (sequential_imputation.Rd:5): Warning: <table> lacks "summary" attribute
sequential_imputation.html:56:1 (sequential_imputation.Rd:28): Warning: <table> lacks "summary" attribute
simulation_imputation.html:15:44 (simulation_imputation.Rd:5): Error: <main> is not recognized!
simulation_imputation.html:15:44 (simulation_imputation.Rd:5): Warning: discarding unexpected <main>
simulation_imputation.html:122:1 (simulation_imputation.Rd:56): Warning: discarding unexpected </main>
simulation_imputation.html:4:1 (simulation_imputation.Rd:5): Warning: <link> inserting "type" attribute
simulation_imputation.html:12:1 (simulation_imputation.Rd:5): Warning: <script> proprietary attribute "onload"
simulation_imputation.html:12:1 (simulation_imputation.Rd:5): Warning: <script> inserting "type" attribute
simulation_imputation.html:17:1 (simulation_imputation.Rd:5): Warning: <table> lacks "summary" attribute
simulation_imputation.html:43:1 (simulation_imputation.Rd:16): Warning: <table> lacks "summary" attribute
simulation_prediction.html:15:44 (simulation_prediction.Rd:5): Error: <main> is not recognized!
simulation_prediction.html:15:44 (simulation_prediction.Rd:5): Warning: discarding unexpected <main>
simulation_prediction.html:142:1 (simulation_prediction.Rd:75): Warning: discarding unexpected </main>
simulation_prediction.html:4:1 (simulation_prediction.Rd:5): Warning: <link> inserting "type" attribute
simulation_prediction.html:12:1 (simulation_prediction.Rd:5): Warning: <script> proprietary attribute "onload"
simulation_prediction.html:12:1 (simulation_prediction.Rd:5): Warning: <script> inserting "type" attribute
simulation_prediction.html:17:1 (simulation_prediction.Rd:5): Warning: <table> lacks "summary" attribute
simulation_prediction.html:44:1 (simulation_prediction.Rd:16): Warning: <table> lacks "summary" attribute
* checking for non-standard things in the check directory ... OK
* checking for detritus in the temp directory ... OK
* DONE
Status: 1 ERROR, 4 NOTEs
